2024-09-19 22:10:19.635 [main] INFO  WebDriverManager.resolveDriverVersion:1239 - Using chromedriver 128.0.6613.137 (resolved driver for Chrome 128)
2024-09-19 22:10:19.690 [main] INFO  WebDriverManager.exportDriver:1301 - Exporting webdriver.chrome.driver as C:\Users\yamah022\.cache\selenium\chromedriver\win64\128.0.6613.137\chromedriver.exe
2024-09-19 22:10:22.911 [main] INFO  LoginTest.beforeClass:19 - Start :: Login Test 
2024-09-19 22:10:30.697 [main] INFO  LoginTest.loginTest_invalidCredentials:38 - test@gearchecker.test, test1234
2024-09-19 22:10:37.109 [main] INFO  LoginTest.testPassed:106 - PASS :: loginTest_invalidCredentials
2024-09-19 22:10:40.669 [main] INFO  LoginTest.loginTest_validCredentials:65 - superadmin@gearchecker.test, 12345678
2024-09-19 22:10:49.043 [main] INFO  LoginTest.testPassed:106 - PASS :: loginTest_validCredentials
2024-09-19 22:10:49.045 [main] INFO  LoginTest.afterClass:24 - END :: Login Test 
2024-09-19 22:10:49.046 [main] INFO  ActivityTest.beforeClass:23 - Start :: ActivityTest 
2024-09-19 22:10:57.227 [main] INFO  ActivityTest.activity_createActivity:43 - Test Acitivity 0919 221057
2024-09-19 22:11:12.449 [main] INFO  ActivityTest.activity_createActivity:65 - Activity created successfully!
2024-09-19 22:11:12.655 [main] INFO  ActivityTest.testPassed:106 - PASS :: activity_createActivity
2024-09-19 22:11:19.914 [main] INFO  ActivityTest.activity_searchActivity:92 - Activity Found
2024-09-19 22:11:22.106 [main] INFO  ActivityTest.testPassed:106 - PASS :: activity_searchActivity
2024-09-19 22:11:42.623 [main] INFO  ActivityTest.testPassed:106 - PASS :: activity_createSubActivity
2024-09-19 22:11:44.771 [main] INFO  ActivityTest.activity_deleteActivity:188 - Alert Text: Are you sure you want to make changes?
2024-09-19 22:11:45.940 [main] INFO  ActivityTest.testPassed:106 - PASS :: activity_deleteActivity
2024-09-19 22:11:45.941 [main] INFO  ActivityTest.afterClass:28 - END :: ActivityTest 
2024-09-19 22:11:45.942 [main] INFO  AdventureTest.beforeClass:22 - Start :: AdventureTest 
2024-09-19 22:12:05.729 [main] INFO  AdventureTest.adventure_createAdventure:52 - Test Adventure 0919 221200
2024-09-19 22:12:05.729 [main] INFO  AdventureTest.adventure_createAdventure:55 - activities : 3
2024-09-19 22:12:37.987 [main] INFO  AdventureTest.adventure_createAdventure:104 - https://uat.gearchecker.io/admin/adventures
2024-09-19 22:12:38.182 [main] INFO  AdventureTest.testPassed:106 - PASS :: adventure_createAdventure
2024-09-19 22:12:47.509 [main] INFO  AdventureTest.adventure_searchAdventure:140 - [[[ChromeDriver: chrome on windows (c06255cbc44d3e3702b2028068b4d656)] -> xpath: //body[1]/div[1]/div[1]/div[1]/div[1]/section[1]/div[1]/div[1]/div[1]/div[1]/div[1]/div[1]/div[1]/div[4]/div]]
2024-09-19 22:12:47.509 [main] INFO  AdventureTest.adventure_searchAdventure:142 - Adventure Found
2024-09-19 22:12:47.529 [main] INFO  AdventureTest.adventure_searchAdventure:144 - Test Adventure...
2024-09-19 22:12:49.673 [main] INFO  AdventureTest.testPassed:106 - PASS :: adventure_searchAdventure
2024-09-19 22:12:54.129 [main] INFO  AdventureTest.testPassed:106 - PASS :: adventure_viewAdventure
2024-09-19 22:12:57.620 [main] INFO  AdventureTest.adventure_deleteAdventure:200 - Alert Text: Are you sure you want to make changes?
2024-09-19 22:12:58.873 [main] ERROR AdventureTest.testFailed:113 - FAIL :: adventure_deleteAdventure
2024-09-19 22:12:58.875 [main] INFO  AdventureTest.afterClass:28 - END :: AdventureTest 
2024-09-19 22:42:19.716 [main] INFO  WebDriverManager.resolveDriverVersion:1239 - Using chromedriver 128.0.6613.137 (resolved driver for Chrome 128)
2024-09-19 22:42:19.776 [main] INFO  WebDriverManager.exportDriver:1301 - Exporting webdriver.chrome.driver as C:\Users\yamah022\.cache\selenium\chromedriver\win64\128.0.6613.137\chromedriver.exe
2024-09-19 22:42:22.896 [main] INFO  LoginTest.beforeClass:19 - Start :: Login Test 
2024-09-19 22:42:28.538 [main] INFO  LoginTest.loginTest_invalidCredentials:38 - test@gearchecker.test, test1234
2024-09-19 22:42:35.437 [main] INFO  LoginTest.testPassed:108 - PASS :: loginTest_invalidCredentials
2024-09-19 22:42:39.205 [main] INFO  LoginTest.loginTest_validCredentials:65 - superadmin@gearchecker.test, 12345678
2024-09-19 22:42:49.362 [main] INFO  LoginTest.testPassed:108 - PASS :: loginTest_validCredentials
2024-09-19 22:42:49.364 [main] INFO  LoginTest.afterClass:24 - END :: Login Test 
2024-09-19 22:42:49.365 [main] INFO  GearlistTest.beforeClass:24 - Start :: GearlistTest 
2024-09-19 22:42:53.825 [main] INFO  GearlistTest.gearlist_getAllGearList:45 - [10, 25, 50]
2024-09-19 22:42:56.990 [main] INFO  GearlistTest.afterClass:29 - END :: GearlistTest 
2024-09-19 22:47:00.750 [main] INFO  WebDriverManager.resolveDriverVersion:1239 - Using chromedriver 128.0.6613.137 (resolved driver for Chrome 128)
2024-09-19 22:47:00.797 [main] INFO  WebDriverManager.exportDriver:1301 - Exporting webdriver.chrome.driver as C:\Users\yamah022\.cache\selenium\chromedriver\win64\128.0.6613.137\chromedriver.exe
2024-09-19 22:47:02.795 [main] INFO  LoginTest.beforeClass:19 - Start :: Login Test 
2024-09-19 22:47:08.182 [main] INFO  LoginTest.loginTest_invalidCredentials:38 - test@gearchecker.test, test1234
2024-09-19 22:47:14.815 [main] INFO  LoginTest.testPassed:108 - PASS :: loginTest_invalidCredentials
2024-09-19 22:47:18.674 [main] INFO  LoginTest.loginTest_validCredentials:65 - superadmin@gearchecker.test, 12345678
2024-09-19 22:47:36.016 [main] INFO  LoginTest.testPassed:108 - PASS :: loginTest_validCredentials
2024-09-19 22:47:36.017 [main] INFO  LoginTest.afterClass:24 - END :: Login Test 
2024-09-19 22:47:36.018 [main] INFO  GearlistTest.beforeClass:25 - Start :: GearlistTest 
2024-09-19 22:47:40.194 [main] INFO  GearlistTest.gearlist_getAllGearList:46 - [10, 25, 50]
2024-09-19 22:49:24.809 [main] INFO  GearlistTest.gearlist_getAllGearList:53 - [, , , Bikepacking, Henry Cahlid, , ---, bikepacking-henry-cahlid, , ]
2024-09-19 22:51:06.228 [main] INFO  GearlistTest.gearlist_getAllGearList:53 - [, , , Bikepacking, Henry Cahlid, , ---, bikepacking-henry-cahlid, , ]
2024-09-19 22:51:26.714 [main] ERROR GearlistTest.testException:122 - EXCEPTION :: java.lang.NullPointerException: Cannot invoke "org.openqa.selenium.WebElement.getText()" because the return value of "utilities.TableData.getElement(org.openqa.selenium.WebElement, int, int)" is null
2024-09-19 22:51:26.715 [main] INFO  GearlistTest.afterClass:30 - END :: GearlistTest 
2024-09-19 23:04:04.657 [main] INFO  WebDriverManager.resolveDriverVersion:1239 - Using chromedriver 128.0.6613.137 (resolved driver for Chrome 128)
2024-09-19 23:04:04.711 [main] INFO  WebDriverManager.exportDriver:1301 - Exporting webdriver.chrome.driver as C:\Users\yamah022\.cache\selenium\chromedriver\win64\128.0.6613.137\chromedriver.exe
2024-09-19 23:04:08.487 [main] INFO  LoginTest.beforeClass:19 - Start :: Login Test 
2024-09-19 23:04:14.725 [main] INFO  LoginTest.loginTest_invalidCredentials:38 - test@gearchecker.test, test1234
2024-09-19 23:04:21.138 [main] INFO  LoginTest.testPassed:108 - PASS :: loginTest_invalidCredentials
2024-09-19 23:04:25.359 [main] INFO  LoginTest.loginTest_validCredentials:65 - superadmin@gearchecker.test, 12345678
2024-09-19 23:04:34.774 [main] INFO  LoginTest.testPassed:108 - PASS :: loginTest_validCredentials
2024-09-19 23:04:34.775 [main] INFO  LoginTest.afterClass:24 - END :: Login Test 
2024-09-19 23:04:34.777 [main] INFO  GearlistTest.beforeClass:22 - Start :: GearlistTest 
2024-09-19 23:04:44.894 [main] INFO  GearlistTest.gearlist_getAllGearList:43 - [10, 25, 50]
2024-09-19 23:04:48.112 [main] INFO  GearlistTest.gearlist_getAllGearList:49 - Total Rows : 33
2024-09-19 23:04:48.144 [main] INFO  GearlistTest.gearlist_getAllGearList:53 - 16
2024-09-19 23:04:48.144 [main] INFO  GearlistTest.gearlist_getAllGearList:55 - [[ChromeDriver: chrome on windows (9fa03e06549e84051309638e946fed7e)] -> xpath: //table[@id='table-gear_lists']/tbody/tr[contains(@id, 'gear_lists')]]
2024-09-19 23:04:48.145 [main] INFO  GearlistTest.gearlist_getAllGearList:55 - [[ChromeDriver: chrome on windows (9fa03e06549e84051309638e946fed7e)] -> xpath: //table[@id='table-gear_lists']/tbody/tr[contains(@id, 'gear_lists')]]
2024-09-19 23:04:48.145 [main] INFO  GearlistTest.gearlist_getAllGearList:55 - [[ChromeDriver: chrome on windows (9fa03e06549e84051309638e946fed7e)] -> xpath: //table[@id='table-gear_lists']/tbody/tr[contains(@id, 'gear_lists')]]
2024-09-19 23:04:48.145 [main] INFO  GearlistTest.gearlist_getAllGearList:55 - [[ChromeDriver: chrome on windows (9fa03e06549e84051309638e946fed7e)] -> xpath: //table[@id='table-gear_lists']/tbody/tr[contains(@id, 'gear_lists')]]
2024-09-19 23:04:48.146 [main] INFO  GearlistTest.gearlist_getAllGearList:55 - [[ChromeDriver: chrome on windows (9fa03e06549e84051309638e946fed7e)] -> xpath: //table[@id='table-gear_lists']/tbody/tr[contains(@id, 'gear_lists')]]
2024-09-19 23:04:48.146 [main] INFO  GearlistTest.gearlist_getAllGearList:55 - [[ChromeDriver: chrome on windows (9fa03e06549e84051309638e946fed7e)] -> xpath: //table[@id='table-gear_lists']/tbody/tr[contains(@id, 'gear_lists')]]
2024-09-19 23:04:48.147 [main] INFO  GearlistTest.gearlist_getAllGearList:55 - [[ChromeDriver: chrome on windows (9fa03e06549e84051309638e946fed7e)] -> xpath: //table[@id='table-gear_lists']/tbody/tr[contains(@id, 'gear_lists')]]
2024-09-19 23:04:48.147 [main] INFO  GearlistTest.gearlist_getAllGearList:55 - [[ChromeDriver: chrome on windows (9fa03e06549e84051309638e946fed7e)] -> xpath: //table[@id='table-gear_lists']/tbody/tr[contains(@id, 'gear_lists')]]
2024-09-19 23:04:48.147 [main] INFO  GearlistTest.gearlist_getAllGearList:55 - [[ChromeDriver: chrome on windows (9fa03e06549e84051309638e946fed7e)] -> xpath: //table[@id='table-gear_lists']/tbody/tr[contains(@id, 'gear_lists')]]
2024-09-19 23:04:48.147 [main] INFO  GearlistTest.gearlist_getAllGearList:55 - [[ChromeDriver: chrome on windows (9fa03e06549e84051309638e946fed7e)] -> xpath: //table[@id='table-gear_lists']/tbody/tr[contains(@id, 'gear_lists')]]
2024-09-19 23:04:48.148 [main] INFO  GearlistTest.gearlist_getAllGearList:55 - [[ChromeDriver: chrome on windows (9fa03e06549e84051309638e946fed7e)] -> xpath: //table[@id='table-gear_lists']/tbody/tr[contains(@id, 'gear_lists')]]
2024-09-19 23:04:48.148 [main] INFO  GearlistTest.gearlist_getAllGearList:55 - [[ChromeDriver: chrome on windows (9fa03e06549e84051309638e946fed7e)] -> xpath: //table[@id='table-gear_lists']/tbody/tr[contains(@id, 'gear_lists')]]
2024-09-19 23:04:48.149 [main] INFO  GearlistTest.gearlist_getAllGearList:55 - [[ChromeDriver: chrome on windows (9fa03e06549e84051309638e946fed7e)] -> xpath: //table[@id='table-gear_lists']/tbody/tr[contains(@id, 'gear_lists')]]
2024-09-19 23:04:48.149 [main] INFO  GearlistTest.gearlist_getAllGearList:55 - [[ChromeDriver: chrome on windows (9fa03e06549e84051309638e946fed7e)] -> xpath: //table[@id='table-gear_lists']/tbody/tr[contains(@id, 'gear_lists')]]
2024-09-19 23:04:48.149 [main] INFO  GearlistTest.gearlist_getAllGearList:55 - [[ChromeDriver: chrome on windows (9fa03e06549e84051309638e946fed7e)] -> xpath: //table[@id='table-gear_lists']/tbody/tr[contains(@id, 'gear_lists')]]
2024-09-19 23:04:48.150 [main] INFO  GearlistTest.gearlist_getAllGearList:55 - [[ChromeDriver: chrome on windows (9fa03e06549e84051309638e946fed7e)] -> xpath: //table[@id='table-gear_lists']/tbody/tr[contains(@id, 'gear_lists')]]
2024-09-19 23:04:48.151 [main] INFO  GearlistTest.afterClass:27 - END :: GearlistTest 
2024-09-19 23:06:03.527 [main] INFO  WebDriverManager.resolveDriverVersion:1239 - Using chromedriver 128.0.6613.137 (resolved driver for Chrome 128)
2024-09-19 23:06:03.631 [main] INFO  WebDriverManager.exportDriver:1301 - Exporting webdriver.chrome.driver as C:\Users\yamah022\.cache\selenium\chromedriver\win64\128.0.6613.137\chromedriver.exe
2024-09-19 23:06:07.824 [main] INFO  LoginTest.beforeClass:19 - Start :: Login Test 
2024-09-19 23:06:14.467 [main] INFO  LoginTest.loginTest_validCredentials:65 - superadmin@gearchecker.test, 12345678
2024-09-19 23:06:23.624 [main] INFO  LoginTest.testPassed:108 - PASS :: loginTest_validCredentials
2024-09-19 23:06:23.630 [main] INFO  LoginTest.afterClass:24 - END :: Login Test 
2024-09-19 23:06:23.633 [main] INFO  GearlistTest.beforeClass:22 - Start :: GearlistTest 
2024-09-19 23:06:28.539 [main] INFO  GearlistTest.gearlist_getAllGearList:43 - [10, 25, 50]
2024-09-19 23:06:31.821 [main] INFO  GearlistTest.gearlist_getAllGearList:49 - Total Rows : 21
2024-09-19 23:06:31.857 [main] INFO  GearlistTest.gearlist_getAllGearList:53 - 10
2024-09-19 23:06:31.884 [main] INFO  GearlistTest.gearlist_getAllGearList:55 - Bikepacking Henry Cahlid --- bikepacking-henry-cahlid
2024-09-19 23:06:31.909 [main] INFO  GearlistTest.gearlist_getAllGearList:55 - Alpine Henry Cahlid Mt. Kilimanjaro alpine-henry-cahlid-1
2024-09-19 23:06:31.930 [main] INFO  GearlistTest.gearlist_getAllGearList:55 - Alpine Henry Cahlid --- alpine-henry-cahlid
2024-09-19 23:06:31.951 [main] INFO  GearlistTest.gearlist_getAllGearList:55 - bike touring my list - Copy Bellis Strut --- bike-touring-my-list-copy-bellis-strut
2024-09-19 23:06:31.972 [main] INFO  GearlistTest.gearlist_getAllGearList:55 - Skiing Henry Cahlid --- skiing-henry-cahlid
2024-09-19 23:06:31.993 [main] INFO  GearlistTest.gearlist_getAllGearList:55 - New Gearlist Norges Paulo --- new-gearlist-norges-paulo-3
2024-09-19 23:06:32.016 [main] INFO  GearlistTest.gearlist_getAllGearList:55 - bike touring my list Bellis Strut --- bike-touring-my-list-bellis-strut-1
2024-09-19 23:06:32.039 [main] INFO  GearlistTest.gearlist_getAllGearList:55 - bike touring my list Bellis Strut --- bike-touring-my-list-bellis-strut
2024-09-19 23:06:32.061 [main] INFO  GearlistTest.gearlist_getAllGearList:55 - New Gearlist Bellis Strut --- new-gearlist-bellis-strut
2024-09-19 23:06:32.083 [main] INFO  GearlistTest.gearlist_getAllGearList:55 - New Gearlist Bikas Gurung --- new-gearlist-bikas-gurung
2024-09-19 23:06:32.084 [main] INFO  GearlistTest.afterClass:27 - END :: GearlistTest 
2024-09-26 06:41:35.268 [main] INFO  WebDriverManager.resolveDriverVersion:1239 - Using chromedriver 129.0.6668.70 (resolved driver for Chrome 129)
2024-09-26 06:41:35.520 [main] INFO  Downloader.downloadAndExtract:132 - Downloading https://storage.googleapis.com/chrome-for-testing-public/129.0.6668.70/win64/chromedriver-win64.zip
2024-09-26 06:41:38.083 [main] INFO  Downloader.extract:193 - Extracting driver from compressed file chromedriver-win64.zip
2024-09-26 06:41:38.300 [main] INFO  WebDriverManager.exportDriver:1301 - Exporting webdriver.chrome.driver as C:\Users\yamah022\.cache\selenium\chromedriver\win64\129.0.6668.70\chromedriver.exe
2024-09-26 06:41:44.040 [main] INFO  LoginTest.beforeClass:19 - Start :: Login Test 
2024-09-26 06:41:49.916 [main] INFO  LoginTest.loginTest_invalidCredentials:38 - test@gearchecker.test, test1234
2024-09-26 06:41:56.576 [main] INFO  LoginTest.testPassed:108 - PASS :: loginTest_invalidCredentials
2024-09-26 06:42:00.677 [main] INFO  LoginTest.loginTest_validCredentials:65 - superadmin@gearchecker.test, 12345678
2024-09-26 06:42:09.430 [main] INFO  LoginTest.testPassed:108 - PASS :: loginTest_validCredentials
2024-09-26 06:42:09.432 [main] INFO  LoginTest.afterClass:24 - END :: Login Test 
2024-09-26 06:42:09.434 [main] INFO  ActivityTest.beforeClass:23 - Start :: ActivityTest 
2024-09-26 06:42:17.950 [main] INFO  ActivityTest.activity_createActivity:43 - Test Acitivity 0926 064217
2024-09-26 06:42:33.953 [main] INFO  ActivityTest.activity_createActivity:65 - Activity created successfully!
2024-09-26 06:42:34.229 [main] INFO  ActivityTest.testPassed:108 - PASS :: activity_createActivity
2024-09-26 06:42:41.474 [main] INFO  ActivityTest.activity_searchActivity:92 - Activity Found
2024-09-26 06:42:43.935 [main] INFO  ActivityTest.testPassed:108 - PASS :: activity_searchActivity
2024-09-26 06:43:12.454 [main] ERROR ActivityTest.testException:122 - EXCEPTION :: org.openqa.selenium.JavascriptException: javascript error: Cannot read properties of null (reading 'scrollIntoView')
  (Session info: chrome=129.0.6668.59)
Build info: version: '4.10.0', revision: 'c14d967899'
System info: os.name: 'Windows 10', os.arch: 'amd64', os.version: '10.0', java.version: '19.0.1'
Driver info: org.openqa.selenium.chrome.ChromeDriver
Command: [2ad458db2f5b92bb558d5b0675e2e80d, executeScript {script=arguments[0].scrollIntoView();, args=[null]}]
Capabilities {acceptInsecureCerts: false, browserName: chrome, browserVersion: 129.0.6668.59, chrome: {chromedriverVersion: 129.0.6668.70 (df87d5cf12b1..., userDataDir: C:\Users\yamah022\AppData\L...}, fedcm:accounts: true, goog:chromeOptions: {debuggerAddress: localhost:59378}, networkConnectionEnabled: false, pageLoadStrategy: normal, platformName: windows, proxy: Proxy(), se:cdp: ws://localhost:59378/devtoo..., se:cdpVersion: 129.0.6668.59, setWindowRect: true, strictFileInteractability: false, timeouts: {implicit: 0, pageLoad: 300000, script: 30000}, unhandledPromptBehavior: dismiss and notify, webauthn:extension:credBlob: true, webauthn:extension:largeBlob: true, webauthn:extension:minPinLength: true, webauthn:extension:prf: true, webauthn:virtualAuthenticators: true}
Session ID: 2ad458db2f5b92bb558d5b0675e2e80d
2024-09-26 06:43:14.794 [main] INFO  ActivityTest.activity_deleteActivity:188 - Alert Text: Are you sure you want to make changes?
2024-09-26 06:43:16.140 [main] INFO  ActivityTest.testPassed:108 - PASS :: activity_deleteActivity
2024-09-26 06:43:16.141 [main] INFO  ActivityTest.afterClass:28 - END :: ActivityTest 
2024-09-26 06:43:16.143 [main] INFO  AdventureTest.beforeClass:22 - Start :: AdventureTest 
2024-09-26 06:43:34.270 [main] INFO  AdventureTest.adventure_createAdventure:52 - Test Adventure 0926 064328
2024-09-26 06:43:34.271 [main] INFO  AdventureTest.adventure_createAdventure:55 - activities : 3
2024-09-26 06:44:11.440 [main] INFO  AdventureTest.adventure_createAdventure:104 - https://uat.gearchecker.io/admin/adventures
2024-09-26 06:44:11.684 [main] INFO  AdventureTest.testPassed:108 - PASS :: adventure_createAdventure
2024-09-26 06:44:21.143 [main] INFO  AdventureTest.adventure_searchAdventure:140 - [[[ChromeDriver: chrome on windows (2ad458db2f5b92bb558d5b0675e2e80d)] -> xpath: //body[1]/div[1]/div[1]/div[1]/div[1]/section[1]/div[1]/div[1]/div[1]/div[1]/div[1]/div[1]/div[1]/div[4]/div]]
2024-09-26 06:44:21.144 [main] INFO  AdventureTest.adventure_searchAdventure:142 - Adventure Found
2024-09-26 06:44:21.167 [main] INFO  AdventureTest.adventure_searchAdventure:144 - Test Adventure...
2024-09-26 06:44:23.513 [main] INFO  AdventureTest.testPassed:108 - PASS :: adventure_searchAdventure
2024-09-26 06:44:28.490 [main] INFO  AdventureTest.testPassed:108 - PASS :: adventure_viewAdventure
2024-09-26 06:44:32.186 [main] INFO  AdventureTest.adventure_deleteAdventure:200 - Alert Text: Are you sure you want to make changes?
2024-09-26 06:44:33.555 [main] INFO  AdventureTest.adventure_deleteAdventure:208 - adventure deleted successfully
2024-09-26 06:44:33.748 [main] INFO  AdventureTest.testPassed:108 - PASS :: adventure_deleteAdventure
2024-09-26 06:44:33.750 [main] INFO  AdventureTest.afterClass:28 - END :: AdventureTest 
2024-09-26 06:44:33.752 [main] INFO  GearlistTest.beforeClass:21 - Start :: GearlistTest 
2024-09-26 06:44:42.885 [main] INFO  GearlistTest.afterClass:27 - END :: GearlistTest 
2024-09-26 06:49:47.565 [main] INFO  WebDriverManager.resolveDriverVersion:1239 - Using chromedriver 129.0.6668.70 (resolved driver for Chrome 129)
2024-09-26 06:49:47.637 [main] INFO  WebDriverManager.exportDriver:1301 - Exporting webdriver.chrome.driver as C:\Users\yamah022\.cache\selenium\chromedriver\win64\129.0.6668.70\chromedriver.exe
2024-09-26 06:49:51.769 [main] INFO  LoginTest.beforeClass:19 - Start :: Login Test 
2024-09-26 06:49:57.419 [main] INFO  LoginTest.loginTest_invalidCredentials:38 - test@gearchecker.test, test1234
2024-09-26 06:50:04.094 [main] INFO  LoginTest.testPassed:108 - PASS :: loginTest_invalidCredentials
2024-09-26 06:50:08.435 [main] INFO  LoginTest.loginTest_validCredentials:65 - superadmin@gearchecker.test, 12345678
2024-09-26 06:50:19.259 [main] INFO  LoginTest.testPassed:108 - PASS :: loginTest_validCredentials
2024-09-26 06:50:19.261 [main] INFO  LoginTest.afterClass:24 - END :: Login Test 
2024-09-26 06:50:19.263 [main] INFO  ActivityTest.beforeClass:23 - Start :: ActivityTest 
2024-09-26 06:50:28.549 [main] INFO  ActivityTest.activity_createActivity:43 - Test Acitivity 0926 065028
2024-09-26 06:50:44.827 [main] INFO  ActivityTest.activity_createActivity:65 - Activity created successfully!
2024-09-26 06:50:45.053 [main] INFO  ActivityTest.testPassed:108 - PASS :: activity_createActivity
2024-09-26 06:50:52.815 [main] INFO  ActivityTest.activity_searchActivity:92 - Activity Found
2024-09-26 06:50:55.166 [main] INFO  ActivityTest.testPassed:108 - PASS :: activity_searchActivity
2024-09-26 06:51:16.569 [main] INFO  ActivityTest.testPassed:108 - PASS :: activity_createSubActivity
2024-09-26 06:51:18.877 [main] INFO  ActivityTest.activity_deleteActivity:188 - Alert Text: Are you sure you want to make changes?
2024-09-26 06:51:20.434 [main] INFO  ActivityTest.testPassed:108 - PASS :: activity_deleteActivity
2024-09-26 06:51:20.436 [main] INFO  ActivityTest.afterClass:28 - END :: ActivityTest 
2024-09-26 06:51:20.437 [main] INFO  AdventureTest.beforeClass:22 - Start :: AdventureTest 
2024-09-26 06:51:40.397 [main] INFO  AdventureTest.adventure_createAdventure:52 - Test Adventure 0926 065134
2024-09-26 06:51:40.397 [main] INFO  AdventureTest.adventure_createAdventure:55 - activities : 3
2024-09-26 06:52:16.759 [main] INFO  AdventureTest.adventure_createAdventure:104 - https://uat.gearchecker.io/admin/adventures
2024-09-26 06:52:17.000 [main] INFO  AdventureTest.testPassed:108 - PASS :: adventure_createAdventure
2024-09-26 06:52:27.326 [main] INFO  AdventureTest.adventure_searchAdventure:140 - [[[ChromeDriver: chrome on windows (8ba701b29435b673bfff32efa9fe6d7a)] -> xpath: //body[1]/div[1]/div[1]/div[1]/div[1]/section[1]/div[1]/div[1]/div[1]/div[1]/div[1]/div[1]/div[1]/div[4]/div]]
2024-09-26 06:52:27.328 [main] INFO  AdventureTest.adventure_searchAdventure:142 - Adventure Found
2024-09-26 06:52:27.410 [main] INFO  AdventureTest.adventure_searchAdventure:144 - Test Adventure...
2024-09-26 06:52:29.755 [main] INFO  AdventureTest.testPassed:108 - PASS :: adventure_searchAdventure
2024-09-26 06:52:34.813 [main] INFO  AdventureTest.testPassed:108 - PASS :: adventure_viewAdventure
2024-09-26 06:52:38.606 [main] INFO  AdventureTest.adventure_deleteAdventure:200 - Alert Text: Are you sure you want to make changes?
2024-09-26 06:52:39.837 [main] INFO  AdventureTest.adventure_deleteAdventure:208 - adventure deleted successfully
2024-09-26 06:52:40.060 [main] INFO  AdventureTest.testPassed:108 - PASS :: adventure_deleteAdventure
2024-09-26 06:52:40.061 [main] INFO  AdventureTest.afterClass:28 - END :: AdventureTest 
2024-09-26 06:52:40.063 [main] INFO  GearlistTest.beforeClass:21 - Start :: GearlistTest 
2024-09-26 06:52:50.132 [main] INFO  GearlistTest.afterClass:27 - END :: GearlistTest 
